[    1851ms] [LOG] %cDocumentation: %chttps://mswjs.io/docs font-weight:bold font-weight:normal @ https://auxi-web-review.pages.dev/assets/index-DppfEPc6.js:67
[    1851ms] [LOG] Found an issue? https://github.com/mswjs/msw/issues @ https://auxi-web-review.pages.dev/assets/index-DppfEPc6.js:67
[    1851ms] [LOG] Worker script URL: https://auxi-web-review.pages.dev/mockServiceWorker.js @ https://auxi-web-review.pages.dev/assets/index-DppfEPc6.js:67
[    1851ms] [LOG] Worker scope: https://auxi-web-review.pages.dev/ @ https://auxi-web-review.pages.dev/assets/index-DppfEPc6.js:67
[    1851ms] [LOG] Client ID: %s (%s) 1c46988b-5d6e-4015-9e5c-78111192784f top-level @ https://auxi-web-review.pages.dev/assets/index-DppfEPc6.js:67
[    1920ms] [WARNING] Animated: `useNativeDriver` is not supported because the native animated module is missing. Falling back to JS-based animation. To resolve this, add `RCTAnimation` module to this app, or remove `useNativeDriver`. Make sure to run `bundle exec pod install` first. Read more about autolinking: https://github.com/react-native-community/cli/blob/master/docs/autolinking.md @ https://auxi-web-review.pages.dev/assets/index-DppfEPc6.js:78
[    1951ms] [LOG] Request {url: URL, method: GET, headers: Object, body: } @ https://auxi-web-review.pages.dev/assets/index-DppfEPc6.js:68
[    1951ms] [LOG] Handler: hc @ https://auxi-web-review.pages.dev/assets/index-DppfEPc6.js:68
[    1951ms] [LOG] Response {status: 200, statusText: OK, headers: Object, body: {"id":"mock-user-1","email":"designer@auxi.test","…dence_level":"balanced","display_state":"light"}}} @ https://auxi-web-review.pages.dev/assets/index-DppfEPc6.js:68
[    2015ms] [LOG] Request {url: URL, method: GET, headers: Object, body: } @ https://auxi-web-review.pages.dev/assets/index-DppfEPc6.js:68
[    2015ms] [LOG] Handler: hc @ https://auxi-web-review.pages.dev/assets/index-DppfEPc6.js:68
[    2015ms] [LOG] Response {status: 200, statusText: OK, headers: Object, body: {"temp_c":24,"is_rainy":false}} @ https://auxi-web-review.pages.dev/assets/index-DppfEPc6.js:68
[    2019ms] [LOG] Request {url: URL, method: GET, headers: Object, body: } @ https://auxi-web-review.pages.dev/assets/index-DppfEPc6.js:68
[    2019ms] [LOG] Handler: hc @ https://auxi-web-review.pages.dev/assets/index-DppfEPc6.js:68
[    2019ms] [LOG] Response {status: 200, statusText: OK, headers: Object, body: []} @ https://auxi-web-review.pages.dev/assets/index-DppfEPc6.js:68
[    2019ms] [LOG] Request {url: URL, method: GET, headers: Object, body: } @ https://auxi-web-review.pages.dev/assets/index-DppfEPc6.js:68
[    2019ms] [LOG] Handler: hc @ https://auxi-web-review.pages.dev/assets/index-DppfEPc6.js:68
[    2019ms] [LOG] Response {status: 200, statusText: OK, headers: Object, body: {"enabled":false}} @ https://auxi-web-review.pages.dev/assets/index-DppfEPc6.js:68
[    2048ms] [LOG] Request {url: URL, method: POST, headers: Object, body: {"weather":{"temp_c":22,"is_rainy":false},"user":{…sion":"safe"},"intent":{"mood":"calm"},"count":3}} @ https://auxi-web-review.pages.dev/assets/index-DppfEPc6.js:68
[    2048ms] [LOG] Handler: hc @ https://auxi-web-review.pages.dev/assets/index-DppfEPc6.js:68
[    2048ms] [LOG] Response {status: 200, statusText: OK, headers: Object, body: {"outfits":[{"items":[{"id":"itm-1","human_readabl…tier_pools_partial":false,"low_confidence":false}} @ https://auxi-web-review.pages.dev/assets/index-DppfEPc6.js:68
[    2068ms] [LOG] Request {url: URL, method: POST, headers: Object, body: {"session_id":"mock-session-1","current_outfit_hash":"mock-hash-1","mode":"safe"}} @ https://auxi-web-review.pages.dev/assets/index-DppfEPc6.js:68
[    2069ms] [LOG] Handler: hc @ https://auxi-web-review.pages.dev/assets/index-DppfEPc6.js:68
[    2069ms] [LOG] Response {status: 200, statusText: OK, headers: Object, body: {"outfit":{"items":[{"id":"itm-4","human_readable_…log_count":0,"fallback_flags":[]},"message":null}} @ https://auxi-web-review.pages.dev/assets/index-DppfEPc6.js:68
[   37974ms] [LOG] Request {url: URL, method: GET, headers: Object, body: } @ https://auxi-web-review.pages.dev/assets/index-DppfEPc6.js:68
[   37974ms] [LOG] Handler: hc @ https://auxi-web-review.pages.dev/assets/index-DppfEPc6.js:68
[   37974ms] [LOG] Response {status: 200, statusText: OK, headers: Object, body: []} @ https://auxi-web-review.pages.dev/assets/index-DppfEPc6.js:68
[   40504ms] [LOG] Request {url: URL, method: GET, headers: Object, body: } @ https://auxi-web-review.pages.dev/assets/index-DppfEPc6.js:68
[   40504ms] [LOG] Handler: hc @ https://auxi-web-review.pages.dev/assets/index-DppfEPc6.js:68
[   40505ms] [LOG] Response {status: 200, statusText: OK, headers: Object, body: []} @ https://auxi-web-review.pages.dev/assets/index-DppfEPc6.js:68
[   44165ms] [LOG] Request {url: URL, method: GET, headers: Object, body: } @ https://auxi-web-review.pages.dev/assets/index-DppfEPc6.js:68
[   44165ms] [LOG] Handler: hc @ https://auxi-web-review.pages.dev/assets/index-DppfEPc6.js:68
[   44166ms] [LOG] Response {status: 200, statusText: OK, headers: Object, body: {"id":"mock-user-1","email":"designer@auxi.test","…dence_level":"balanced","display_state":"light"}}} @ https://auxi-web-review.pages.dev/assets/index-DppfEPc6.js:68
[   49982ms] [LOG] Request {url: URL, method: GET, headers: Object, body: } @ https://auxi-web-review.pages.dev/assets/index-DppfEPc6.js:68
[   49982ms] [LOG] Handler: hc @ https://auxi-web-review.pages.dev/assets/index-DppfEPc6.js:68
[   49982ms] [LOG] Response {status: 200, statusText: OK, headers: Object, body: {"temp_c":24,"is_rainy":false}} @ https://auxi-web-review.pages.dev/assets/index-DppfEPc6.js:68
[   49986ms] [LOG] Request {url: URL, method: GET, headers: Object, body: } @ https://auxi-web-review.pages.dev/assets/index-DppfEPc6.js:68
[   49986ms] [LOG] Handler: hc @ https://auxi-web-review.pages.dev/assets/index-DppfEPc6.js:68
[   49986ms] [LOG] Response {status: 200, statusText: OK, headers: Object, body: []} @ https://auxi-web-review.pages.dev/assets/index-DppfEPc6.js:68
[   49986ms] [LOG] Request {url: URL, method: GET, headers: Object, body: } @ https://auxi-web-review.pages.dev/assets/index-DppfEPc6.js:68
[   49986ms] [LOG] Handler: hc @ https://auxi-web-review.pages.dev/assets/index-DppfEPc6.js:68
[   49986ms] [LOG] Response {status: 200, statusText: OK, headers: Object, body: {"enabled":false}} @ https://auxi-web-review.pages.dev/assets/index-DppfEPc6.js:68
[   50010ms] [LOG] Request {url: URL, method: POST, headers: Object, body: {"session_id":"mock-session-1","current_outfit_hash":"mock-hash-2","mode":"safe"}} @ https://auxi-web-review.pages.dev/assets/index-DppfEPc6.js:68
[   50010ms] [LOG] Handler: hc @ https://auxi-web-review.pages.dev/assets/index-DppfEPc6.js:68
[   50010ms] [LOG] Response {status: 200, statusText: OK, headers: Object, body: {"outfit":{"items":[{"id":"itm-7","human_readable_…log_count":0,"fallback_flags":[]},"message":null}} @ https://auxi-web-review.pages.dev/assets/index-DppfEPc6.js:68
[   50016ms] [LOG] Request {url: URL, method: POST, headers: Object, body: {"session_id":"mock-session-1","current_outfit_hash":"mock-hash-3","mode":"safe"}} @ https://auxi-web-review.pages.dev/assets/index-DppfEPc6.js:68
[   50016ms] [LOG] Handler: hc @ https://auxi-web-review.pages.dev/assets/index-DppfEPc6.js:68
[   50016ms] [LOG] Response {status: 200, statusText: OK, headers: Object, body: {"outfit":{"items":[{"id":"itm-1","human_readable_…log_count":0,"fallback_flags":[]},"message":null}} @ https://auxi-web-review.pages.dev/assets/index-DppfEPc6.js:68
[   50041ms] [LOG] Request {url: URL, method: POST, headers: Object, body: {"session_id":"mock-session-1","current_outfit_hash":"mock-hash-3","mode":"safe"}} @ https://auxi-web-review.pages.dev/assets/index-DppfEPc6.js:68
[   50041ms] [LOG] Handler: hc @ https://auxi-web-review.pages.dev/assets/index-DppfEPc6.js:68
[   50041ms] [LOG] Response {status: 200, statusText: OK, headers: Object, body: {"outfit":{"items":[{"id":"itm-4","human_readable_…log_count":0,"fallback_flags":[]},"message":null}} @ https://auxi-web-review.pages.dev/assets/index-DppfEPc6.js:68
[   50041ms] [LOG] Request {url: URL, method: POST, headers: Object, body: {"session_id":"mock-session-1","current_outfit_hash":"mock-hash-3","mode":"safe"}} @ https://auxi-web-review.pages.dev/assets/index-DppfEPc6.js:68
[   50041ms] [LOG] Handler: hc @ https://auxi-web-review.pages.dev/assets/index-DppfEPc6.js:68
[   50041ms] [LOG] Response {status: 200, statusText: OK, headers: Object, body: {"outfit":{"items":[{"id":"itm-7","human_readable_…log_count":0,"fallback_flags":[]},"message":null}} @ https://auxi-web-review.pages.dev/assets/index-DppfEPc6.js:68
