[    1404ms] [LOG] %cDocumentation: %chttps://mswjs.io/docs font-weight:bold font-weight:normal @ https://auxi-web-review.pages.dev/assets/index-C3LJ8Nc-.js:67
[    1404ms] [LOG] Found an issue? https://github.com/mswjs/msw/issues @ https://auxi-web-review.pages.dev/assets/index-C3LJ8Nc-.js:67
[    1404ms] [LOG] Worker script URL: https://auxi-web-review.pages.dev/mockServiceWorker.js @ https://auxi-web-review.pages.dev/assets/index-C3LJ8Nc-.js:67
[    1405ms] [LOG] Worker scope: https://auxi-web-review.pages.dev/ @ https://auxi-web-review.pages.dev/assets/index-C3LJ8Nc-.js:67
[    1405ms] [LOG] Client ID: %s (%s) 04b04ce7-ad50-400d-af4e-86ec49d8d8d0 top-level @ https://auxi-web-review.pages.dev/assets/index-C3LJ8Nc-.js:67
[    1446ms] [WARNING] Animated: `useNativeDriver` is not supported because the native animated module is missing. Falling back to JS-based animation. To resolve this, add `RCTAnimation` module to this app, or remove `useNativeDriver`. Make sure to run `bundle exec pod install` first. Read more about autolinking: https://github.com/react-native-community/cli/blob/master/docs/autolinking.md @ https://auxi-web-review.pages.dev/assets/index-C3LJ8Nc-.js:78
[    1469ms] [LOG] Request {url: URL, method: GET, headers: Object, body: } @ https://auxi-web-review.pages.dev/assets/index-C3LJ8Nc-.js:68
[    1470ms] [LOG] Handler: hc @ https://auxi-web-review.pages.dev/assets/index-C3LJ8Nc-.js:68
[    1470ms] [LOG] Response {status: 200, statusText: OK, headers: Object, body: {"id":"mock-user-1","email":"designer@auxi.test","…dence_level":"balanced","display_state":"light"}}} @ https://auxi-web-review.pages.dev/assets/index-C3LJ8Nc-.js:68
[    1522ms] [LOG] Request {url: URL, method: GET, headers: Object, body: } @ https://auxi-web-review.pages.dev/assets/index-C3LJ8Nc-.js:68
[    1522ms] [LOG] Handler: hc @ https://auxi-web-review.pages.dev/assets/index-C3LJ8Nc-.js:68
[    1522ms] [LOG] Response {status: 200, statusText: OK, headers: Object, body: {"temp_c":24,"is_rainy":false}} @ https://auxi-web-review.pages.dev/assets/index-C3LJ8Nc-.js:68
[    1523ms] [LOG] Request {url: URL, method: GET, headers: Object, body: } @ https://auxi-web-review.pages.dev/assets/index-C3LJ8Nc-.js:68
[    1523ms] [LOG] Handler: hc @ https://auxi-web-review.pages.dev/assets/index-C3LJ8Nc-.js:68
[    1523ms] [LOG] Response {status: 200, statusText: OK, headers: Object, body: []} @ https://auxi-web-review.pages.dev/assets/index-C3LJ8Nc-.js:68
[    1523ms] [LOG] Request {url: URL, method: GET, headers: Object, body: } @ https://auxi-web-review.pages.dev/assets/index-C3LJ8Nc-.js:68
[    1523ms] [LOG] Handler: hc @ https://auxi-web-review.pages.dev/assets/index-C3LJ8Nc-.js:68
[    1523ms] [LOG] Response {status: 200, statusText: OK, headers: Object, body: {"enabled":false}} @ https://auxi-web-review.pages.dev/assets/index-C3LJ8Nc-.js:68
[    1556ms] [LOG] Request {url: URL, method: POST, headers: Object, body: {"weather":{"temp_c":22,"is_rainy":false},"user":{…sion":"safe"},"intent":{"mood":"calm"},"count":3}} @ https://auxi-web-review.pages.dev/assets/index-C3LJ8Nc-.js:68
[    1556ms] [LOG] Handler: hc @ https://auxi-web-review.pages.dev/assets/index-C3LJ8Nc-.js:68
[    1556ms] [LOG] Response {status: 200, statusText: OK, headers: Object, body: {"outfits":[{"items":[{"id":"itm-1","human_readabl…tier_pools_partial":false,"low_confidence":false}} @ https://auxi-web-review.pages.dev/assets/index-C3LJ8Nc-.js:68
[    1562ms] [LOG] Request {url: URL, method: POST, headers: Object, body: {"session_id":"mock-session-1","current_outfit_hash":"mock-hash-1","mode":"safe"}} @ https://auxi-web-review.pages.dev/assets/index-C3LJ8Nc-.js:68
[    1562ms] [LOG] Handler: hc @ https://auxi-web-review.pages.dev/assets/index-C3LJ8Nc-.js:68
[    1562ms] [LOG] Response {status: 200, statusText: OK, headers: Object, body: {"outfit":{"items":[{"id":"itm-4","human_readable_…log_count":0,"fallback_flags":[]},"message":null}} @ https://auxi-web-review.pages.dev/assets/index-C3LJ8Nc-.js:68
[  137726ms] [INFO] home.swipe.miss {from: 0} @ https://auxi-web-review.pages.dev/assets/index-C3LJ8Nc-.js:126
[  139504ms] [INFO] home.swipe.miss {from: 1} @ https://auxi-web-review.pages.dev/assets/index-C3LJ8Nc-.js:126
[  140490ms] [INFO] home.swipe.miss {from: 2} @ https://auxi-web-review.pages.dev/assets/index-C3LJ8Nc-.js:126
[  144766ms] [LOG] Request {url: URL, method: GET, headers: Object, body: } @ https://auxi-web-review.pages.dev/assets/index-C3LJ8Nc-.js:68
[  144766ms] [LOG] Handler: hc @ https://auxi-web-review.pages.dev/assets/index-C3LJ8Nc-.js:68
[  144766ms] [LOG] Response {status: 200, statusText: OK, headers: Object, body: []} @ https://auxi-web-review.pages.dev/assets/index-C3LJ8Nc-.js:68
[  152057ms] [INFO] home.swipe.miss {from: 2} @ https://auxi-web-review.pages.dev/assets/index-C3LJ8Nc-.js:126
